<?xml version="1.0" encoding="UTF-8"?>
<!-- Generated by org.testng.reporters.JUnitXMLReporter -->
<testsuite hostname="L6QNY2H2" ignored="1" name="Default test" tests="1" failures="0" timestamp="2020-06-01T21:12:02 IST" time="6.788" errors="0">
  <testcase name="getAllPO" time="6.717" classname="microservice.temenos.PaymentOrder"/>
  <testcase name="getSpecificPO" time="0.0" classname="microservice.temenos.PaymentOrder">
    <ignored/>
  </testcase> <!-- getSpecificPO -->
</testsuite> <!-- Default test -->
