<?xml version="1.0" encoding="UTF-8"?>
<testng-results skipped="0" failed="0" ignored="1" total="2" passed="1">
  <reporter-output>
  </reporter-output>
  <suite name="Default suite" duration-ms="6788" started-at="2020-06-01T21:11:55 IST" finished-at="2020-06-01T21:12:02 IST">
    <groups>
    </groups>
    <test name="Default test" duration-ms="6788" started-at="2020-06-01T21:11:55 IST" finished-at="2020-06-01T21:12:02 IST">
      <class name="microservice.temenos.PaymentOrder">
        <test-method status="PASS" signature="getAllPO()[pri:0, instance:microservice.temenos.PaymentOrder@614ddd49]" name="getAllPO" duration-ms="6717" started-at="2020-06-01T21:11:55 IST" finished-at="2020-06-01T21:12:02 IST">
          <reporter-output>
          </reporter-output>
        </test-method> <!-- getAllPO -->
      </class> <!-- microservice.temenos.PaymentOrder -->
    </test> <!-- Default test -->
  </suite> <!-- Default suite -->
</testng-results>
